<?xml version="1.0" encoding="UTF-8"?>
<!-- Generated by org.testng.reporters.JUnitXMLReporter -->
<testsuite ignored="0" hostname="LAPTOP-UF0B91LF" failures="0" tests="3" name="Default test" time="30.491" errors="0" timestamp="2022-02-01T22:02:33 IST">
  <testcase classname="AspireTest.AspireAssessmenmt" name="basePageNavigation" time="3.895"/>
  <testcase classname="AspireTest.AspireAssessmenmt" name="inventoryPage" time="9.947"/>
  <testcase classname="AspireTest.AspireAssessmenmt" name="manufacturingPage" time="12.734"/>
</testsuite> <!-- Default test -->
