<?xml version="1.0" encoding="UTF-8"?>
<testng-results ignored="0" total="3" passed="3" failed="0" skipped="0">
  <reporter-output>
  </reporter-output>
  <suite started-at="2022-02-01T22:02:02 IST" name="Default suite" finished-at="2022-02-01T22:02:33 IST" duration-ms="30491">
    <groups>
    </groups>
    <test started-at="2022-02-01T22:02:02 IST" name="Default test" finished-at="2022-02-01T22:02:33 IST" duration-ms="30491">
      <class name="AspireTest.AspireAssessmenmt">
        <test-method is-config="true" signature="startTest()[pri:0, instance:AspireTest.AspireAssessmenmt@4278284b]" started-at="2022-02-01T22:02:02 IST" name="startTest" finished-at="2022-02-01T22:02:06 IST" duration-ms="3630" status="PASS">
          <reporter-output>
          </reporter-output>
        </test-method> <!-- startTest -->
        <test-method signature="basePageNavigation(java.lang.String,java.lang.String)[pri:0, instance:AspireTest.AspireAssessmenmt@4278284b]" started-at="2022-02-01T22:02:06 IST" name="basePageNavigation" data-provider="getData" finished-at="2022-02-01T22:02:10 IST" duration-ms="3895" status="PASS">
          <params>
            <param index="0">
              <value>
                <![CDATA[user@aspireapp.com]]>
              </value>
            </param>
            <param index="1">
              <value>
                <![CDATA[@sp1r3app]]>
              </value>
            </param>
          </params>
          <reporter-output>
          </reporter-output>
        </test-method> <!-- basePageNavigation -->
        <test-method signature="inventoryPage()[pri:0, instance:AspireTest.AspireAssessmenmt@4278284b]" started-at="2022-02-01T22:02:10 IST" name="inventoryPage" finished-at="2022-02-01T22:02:20 IST" duration-ms="9947" status="PASS">
          <reporter-output>
          </reporter-output>
        </test-method> <!-- inventoryPage -->
        <test-method signature="manufacturingPage()[pri:0, instance:AspireTest.AspireAssessmenmt@4278284b]" started-at="2022-02-01T22:02:20 IST" name="manufacturingPage" finished-at="2022-02-01T22:02:32 IST" duration-ms="12734" status="PASS">
          <reporter-output>
          </reporter-output>
        </test-method> <!-- manufacturingPage -->
        <test-method is-config="true" signature="close()[pri:0, instance:AspireTest.AspireAssessmenmt@4278284b]" started-at="2022-02-01T22:02:32 IST" name="close" finished-at="2022-02-01T22:02:33 IST" duration-ms="248" status="PASS">
          <reporter-output>
          </reporter-output>
        </test-method> <!-- close -->
      </class> <!-- AspireTest.AspireAssessmenmt -->
    </test> <!-- Default test -->
  </suite> <!-- Default suite -->
</testng-results>
